<?xml version="1.0" encoding="UTF-8"?>
<!-- Generated by org.testng.reporters.JUnitReportReporter -->
<testsuite hostname="HP" failures="0" tests="1" name="sdd.DemoA" time="0.057" errors="0" timestamp="10 Oct 2018 10:04:03 GMT">
  <testcase classname="sdd.DemoA" name="Demo" time="0.057"/>
</testsuite> <!-- sdd.DemoA -->
